[hn.arrowpress.net/cryptcio/index.html]
[external.html]
[backblue.gif]
[fade.gif]
[hn.arrowpress.net/cryptcio/wp-content/themes/cryptcio/images/favicon.ico]
[hn.arrowpress.net/cryptcio/wp-content/cache/wpfc-minified/2cx81kpu/f8wji.css]
[index.html]
[ajax.googleapis.com/ajax/libs/webfont/1.5.3/webfont.js]
[hn.arrowpress.net/cryptcio/wp-content/cache/wpfc-minified/r1xq9wc/f8wji.css]
[hn.arrowpress.net/cryptcio/wp-content/cache/wpfc-minified/7v2sxedy/f8wji.js]
[hn.arrowpress.net/cryptcio/wp-json/oembed/1.0/embed1116.json]
[hn.arrowpress.net/cryptcio/wp-json/oembed/1.0/embed438e]
[hn.arrowpress.net/cryptcio/wp-json/index.html]
[ajax.googleapis.com/ajax/libs/webfont/1/webfont.js]
[hn.arrowpress.net/cryptcio/wp-content/themes/cryptcio/images/logo.png]
[hn.arrowpress.net/cryptcio/wp-content/themes/cryptcio/images/logo-fixed.png]
[hn.arrowpress.net/cryptcio/my-account/index.html]
[hn.arrowpress.net/cryptcio/wp-content/uploads/2018/01/pro-3-100x100.jpg]
[hn.arrowpress.net/cryptcio/wp-content/themes/cryptcio/images/ajax-loader.gif]
[hn.arrowpress.net/cryptcio/home-7/index.html]
[hn.arrowpress.net/cryptcio/home-color/index.html]
[hn.arrowpress.net/cryptcio/wp-content/uploads/2018/01/pro-1-100x100.jpg]
[hn.arrowpress.net/cryptcio/home-default/index.html]
[hn.arrowpress.net/cryptcio/wp-content/uploads/2018/03/project3.jpg]
[hn.arrowpress.net/cryptcio/home-2/index.html]
[hn.arrowpress.net/cryptcio/home-3/index.html]
[hn.arrowpress.net/cryptcio/home-4/index.html]
[hn.arrowpress.net/cryptcio/wp-content/uploads/2018/01/banner-1.jpg]
[hn.arrowpress.net/cryptcio/category/market/index.html]
[hn.arrowpress.net/cryptcio/wp-content/uploads/2018/01/bg-bitcoin.jpg]
[hn.arrowpress.net/cryptcio/home-5/index.html]
[hn.arrowpress.net/cryptcio/category/blockchain/index.html]
[hn.arrowpress.net/cryptcio/category/trading/index.html]
[hn.arrowpress.net/cryptcio/wp-content/uploads/2018/03/project2-634x634.jpg]
[hn.arrowpress.net/cryptcio/wp-content/uploads/2018/03/1486592314-951x951.jpg]
[hn.arrowpress.net/cryptcio/indian-bitcoin-exchange-zebpay-adds-litecoin/index.html]
[hn.arrowpress.net/cryptcio/wp-content/uploads/2018/03/project4-634x634.jpg]
[hn.arrowpress.net/cryptcio/wp-content/uploads/2018/01/member-2.jpg]
[hn.arrowpress.net/cryptcio/product-category/mining-hardware/index.html]
[hn.arrowpress.net/cryptcio/wp-content/uploads/2018/01/testimonial_img1.jpg]
[hn.arrowpress.net/cryptcio/product-category/hardware-wallets/index.html]
[hn.arrowpress.net/cryptcio/wp-content/uploads/2018/01/investment-wallpaper-investment-stratedgy-1-570x571.jpg]
[hn.arrowpress.net/cryptcio/product-category/power-supplies/index.html]
[hn.arrowpress.net/cryptcio/shop/index.html]
[hn.arrowpress.net/cryptcio/product/sata/index.html]
[hn.arrowpress.net/cryptcio/wp-content/uploads/2018/01/shutterstock_268675004-570x571.jpg]
[hn.arrowpress.net/cryptcio/product/his-rx-470-iceq-4gb-gpu-card/index.html]
[hn.arrowpress.net/cryptcio/wp-content/uploads/2018/01/bg-15-570x571.jpg]
[hn.arrowpress.net/cryptcio/product/a-223-20-port-usb-hub/index.html]
[hn.arrowpress.net/cryptcio/wp-content/uploads/2018/01/brand1.png]
[hn.arrowpress.net/cryptcio/wp-content/uploads/2018/01/brand2.png]
[hn.arrowpress.net/cryptcio/wp-content/uploads/2018/01/brand3.png]
[hn.arrowpress.net/cryptcio/wp-content/uploads/2018/01/brand4.png]
[hn.arrowpress.net/cryptcio/wp-content/uploads/2018/01/brand5.png]
[hn.arrowpress.net/cryptcio/wishlist/index.html]
[hn.arrowpress.net/cryptcio/indexb25b.html]
[www.gstatic.com/charts/loader.js]
[hn.arrowpress.net/cryptcio/ico-plan/index.html]
[cdnjs.cloudflare.com/ajax/libs/money.js/0.2.0/money.min.js]
[hn.arrowpress.net/cryptcio/index9193.html]
[hn.arrowpress.net/cryptcio/index.html]
[hn.arrowpress.net/cryptcio/index6d67.html]
[hn.arrowpress.net/cryptcio/xmlrpc.php]
[hn.arrowpress.net/cryptcio/our-team/index.html]
[hn.arrowpress.net/cryptcio/about-us/our-partners/index.html]
[hn.arrowpress.net/cryptcio/about-us/index.html]
[hn.arrowpress.net/cryptcio/our-history/index.html]
[hn.arrowpress.net/cryptcio/wp-content/plugins/arrowpress-core/assets/css/fonts/Pe-icon-7-strokebb1d.eot]
[hn.arrowpress.net/cryptcio/service/index.html]
[hn.arrowpress.net/cryptcio/service/bitcoin-transaction-2/index.html]
[hn.arrowpress.net/cryptcio/wp-content/cache/wpfc-minified/2cx81kpu/f8wji.css]
[hn.arrowpress.net/cryptcio/wp-content/plugins/arrowpress-core/assets/css/fonts/FontCryptoCiocf4e.eot]
[hn.arrowpress.net/cryptcio/service/bitcoin-investment-2/index.html]
[hn.arrowpress.net/cryptcio/wp-content/cache/wpfc-minified/r1xq9wc/f8wji.css]
[hn.arrowpress.net/cryptcio/wp-content/plugins/arrowpress-core/assets/css/fonts/themify9f24.eot]
[hn.arrowpress.net/cryptcio/service/bitcoin-exchange-2/index.html]
[hn.arrowpress.net/cryptcio/wp-includes/fonts/dashicons2ce6.eot]
[hn.arrowpress.net/cryptcio/wp-content/plugins/woocommerce-ajax-filters/css/scrollbar/Scrollbar.min.css]
[hn.arrowpress.net/cryptcio/wallet/index.html]
[hn.arrowpress.net/cryptcio/orders-tracking/index.html]
[hn.arrowpress.net/cryptcio/contact-us/index.html]
[hn.arrowpress.net/cryptcio/wp-includes/css/dist/block-library/style.min.css]
[hn.arrowpress.net/cryptcio/wp-content/plugins/arrowpress-core/assets/css/apr_core.min.css]
[hn.arrowpress.net/cryptcio/wp-content/cache/autoptimize/js/autoptimize_54acff703b557b4656e69d5c7a49aea1.js]
[hn.arrowpress.net/cryptcio/wp-content/plugins/arrowpress-core/assets/css/pe-icon-7-stroke.min.css]
[hn.arrowpress.net/cryptcio/project/what-is-the-purpose-of-cryptocurrency/index.html]
[hn.arrowpress.net/cryptcio/project_cat/research-development/index.html]
[hn.arrowpress.net/cryptcio/wp-content/plugins/arrowpress-core/assets/css/themify-icons.min.css]
[hn.arrowpress.net/cryptcio/wp-content/plugins/arrowpress-core/assets/css/cryptcio-icons.min.css]
[hn.arrowpress.net/cryptcio/wp-content/themes/cryptcio/css/font-awesome.min.css]
[hn.arrowpress.net/cryptcio/wp-content/plugins/coin_charts/css/coincharts.css]
[hn.arrowpress.net/cryptcio/project/data-security-on-blockchain/index.html]
[hn.arrowpress.net/cryptcio/project/initial-coin-offer-ico-for-stmx-token/index.html]
[hn.arrowpress.net/cryptcio/project/index.html]
[hn.arrowpress.net/cryptcio/wp-content/plugins/contact-form-7/includes/css/styles.css]
[hn.arrowpress.net/cryptcio/wp-content/plugins/ct-ultimate-gdpr/assets/css/style.css]
[hn.arrowpress.net/cryptcio/project_cat/investment-consulting/index.html]
[hn.arrowpress.net/cryptcio/project/blockchain-investment-analysis/index.html]
[hn.arrowpress.net/cryptcio/wp-content/plugins/revslider/public/assets/css/settings.css]
[hn.arrowpress.net/cryptcio/project/blockchain-in-retail-business/index.html]
[hn.arrowpress.net/cryptcio/wp-content/plugins/virtual_coin_widgets/assets/css/vcw.css]
[hn.arrowpress.net/cryptcio/project/bitcoin-and-cryptocurrency-investments/index.html]
[hn.arrowpress.net/cryptcio/odio-sit-amet-venenatis-dignissim/index.html]
[hn.arrowpress.net/cryptcio/thailandtakingsteps-to-regulateicos/index.html]
[hn.arrowpress.net/cryptcio/wp-content/plugins/woocommerce-ajax-filters/css/select2.min.css]
[hn.arrowpress.net/cryptcio/wp-content/plugins/yith-woocommerce-compare/assets/css/colorbox.css]
[hn.arrowpress.net/cryptcio/wp-content/plugins/yith-woocommerce-compare/assets/css/widget.css]
[hn.arrowpress.net/cryptcio/wp-content/plugins/yith-woocommerce-quick-view/assets/css/yith-quick-view.css]
[hn.arrowpress.net/cryptcio/wp-content/plugins/woocommerce/assets/css/prettyPhoto.css]
[hn.arrowpress.net/cryptcio/wp-content/plugins/yith-woocommerce-wishlist/assets/css/jquery.selectBox.css]
[hn.arrowpress.net/cryptcio/wp-content/plugins/yith-woocommerce-wishlist/assets/css/style.css]
[hn.arrowpress.net/cryptcio/wp-content/themes/cryptcio/css/linearicons/style.css]
[hn.arrowpress.net/cryptcio/wp-includes/css/dashicons.min.css]
[hn.arrowpress.net/cryptcio/wp-content/themes/cryptcio/css/plugin/bootstrap.min.css]
[hn.arrowpress.net/cryptcio/wp-content/themes/cryptcio/images/coming-soon.jpg]
[hn.arrowpress.net/cryptcio/wp-content/cache/wpfc-minified/efeogutu/fcbcs.css]
[hn.arrowpress.net/cryptcio/wp-includes/js/jquery/jquery-migrate.min.js]
[hn.arrowpress.net/cryptcio/wp-content/plugins/ct-ultimate-gdpr/assets/js/service-facebook-pixel.js]
[hn.arrowpress.net/cryptcio/wp-content/plugins/woocommerce-ajax-filters/js/scrollbar/Scrollbar.concat.min.js]
[hn.arrowpress.net/cryptcio/wp-includes/js/jquery/jquery.js]
[hn.arrowpress.net/cryptcio/wp-content/themes/cryptcio/css/theme.min.css]
[hn.arrowpress.net/cryptcio/wp-content/plugins/revslider/public/assets/js/jquery.themepunch.tools.min.js]
[hn.arrowpress.net/cryptcio/wp-content/plugins/woocommerce/assets/js/frontend/add-to-cart.min.js]
[hn.arrowpress.net/cryptcio/wp-includes/js/zxcvbn-async.min.js]
[hn.arrowpress.net/cryptcio/wp-content/plugins/js_composer/assets/js/vendors/woocommerce-add-to-cart.js]
[hn.arrowpress.net/cryptcio/wp-json/oembed/1.0/embedce87.json]
[hn.arrowpress.net/cryptcio/wp-content/themes/cryptcio/images/bg-breadcrumb.jpg]
[hn.arrowpress.net/cryptcio/wp-content/plugins/woocommerce/assets/css/photoswipe/photoswipe.css]
[hn.arrowpress.net/cryptcio/wp-content/plugins/woocommerce/assets/css/photoswipe/default-skin/default-skin.css]
[hn.arrowpress.net/cryptcio/my-account/lost-password/index.html]
[hn.arrowpress.net/cryptcio/wp-content/plugins/ct-ultimate-gdpr/assets/js/cookie-popup.js]
[hn.arrowpress.net/cryptcio/wp-content/plugins/arrowpress-core/assets/js/functions.min.js]
[hn.arrowpress.net/cryptcio/wp-content/plugins/coin_charts/js/coincharts.min.js]
[hn.arrowpress.net/cryptcio/wp-content/plugins/virtual_coin_widgets/assets/js/vcw.min.js]
[hn.arrowpress.net/cryptcio/wp-admin/js/password-strength-meter.min.js]
[hn.arrowpress.net/cryptcio/wp-content/plugins/woocommerce/assets/js/selectWoo/selectWoo.full.min.js]
[hn.arrowpress.net/cryptcio/wp-content/plugins/woocommerce/assets/js/frontend/password-strength-meter.min.js]
[hn.arrowpress.net/cryptcio/wp-content/plugins/woocommerce/assets/js/js-cookie/js.cookie.min.js]
[hn.arrowpress.net/cryptcio/wp-content/plugins/woocommerce/assets/js/frontend/cart-fragments.min.js]
[hn.arrowpress.net/cryptcio/wp-content/plugins/yith-woocommerce-compare/assets/js/woocompare.min.js]
[hn.arrowpress.net/cryptcio/wp-content/plugins/yith-woocommerce-compare/assets/js/jquery.colorbox-min.js]
[hn.arrowpress.net/cryptcio/wp-content/plugins/yith-woocommerce-quick-view/assets/js/frontend.min.js]
[hn.arrowpress.net/cryptcio/wp-content/plugins/woocommerce/assets/js/prettyPhoto/jquery.prettyPhoto.min.js]
[hn.arrowpress.net/cryptcio/wp-content/plugins/yith-woocommerce-wishlist/assets/js/jquery.selectBox.min.js]
[hn.arrowpress.net/cryptcio/wp-content/plugins/yith-woocommerce-wishlist/assets/js/jquery.yith-wcwl.js]
[hn.arrowpress.net/cryptcio/wp-includes/js/comment-reply.min.js]
[hn.arrowpress.net/cryptcio/wp-content/themes/cryptcio/js/bootstrap.min.js]
[hn.arrowpress.net/cryptcio/wp-content/plugins/js_composer/assets/lib/bower/isotope/dist/isotope.pkgd.min.js]
[hn.arrowpress.net/cryptcio/wp-content/themes/cryptcio/js/packery-mode.pkgd.min.js]
[hn.arrowpress.net/cryptcio/wp-includes/js/jquery/ui/core.min.js]
[hn.arrowpress.net/cryptcio/wp-includes/js/jquery/ui/position.min.js]
[hn.arrowpress.net/cryptcio/wp-includes/js/jquery/ui/menu.min.js]
[hn.arrowpress.net/cryptcio/wp-includes/js/wp-a11y.min.js]
[hn.arrowpress.net/cryptcio/wp-includes/js/jquery/ui/autocomplete.min.js]
[hn.arrowpress.net/cryptcio/wp-content/themes/cryptcio/js/un-minify/cryptcio_theme.min.js]
[hn.arrowpress.net/cryptcio/wp-includes/js/wp-embed.min.js]
[hn.arrowpress.net/cryptcio/wp-includes/js/underscore.min.js]
[hn.arrowpress.net/cryptcio/wp-includes/js/wp-util.min.js]
[hn.arrowpress.net/cryptcio/wp-content/plugins/woocommerce/assets/js/frontend/add-to-cart-variation.min.js]
[hn.arrowpress.net/cryptcio/wp-content/plugins/woocommerce/assets/js/zoom/jquery.zoom.min.js]
[hn.arrowpress.net/cryptcio/wp-content/plugins/woocommerce/assets/js/photoswipe/photoswipe.min.js]
[hn.arrowpress.net/cryptcio/wp-content/plugins/woocommerce/assets/js/photoswipe/photoswipe-ui-default.min.js]
[hn.arrowpress.net/cryptcio/wp-content/plugins/woocommerce/assets/js/frontend/single-product.min.js]
[hn.arrowpress.net/cryptcio/wp-content/plugins/mailchimp-for-wp/assets/js/forms-api.min.js]
[hn.arrowpress.net/cryptcio/my-account/index.html]
[hn.arrowpress.net/cryptcio/wp-json/oembed/1.0/embede1e7.json]
[hn.arrowpress.net/cryptcio/wp-json/oembed/1.0/embed8c06]
[hn.arrowpress.net/cryptcio/home-default/indexb25b.html]
[hn.arrowpress.net/cryptcio/home-default/index6d67.html]
[hn.arrowpress.net/cryptcio/home-default/index.html]
[hn.arrowpress.net/cryptcio/home-default/index9193.html]
[hn.arrowpress.net/cryptcio/wp-json/oembed/1.0/embed0bb5.json]
[hn.arrowpress.net/cryptcio/wp-json/oembed/1.0/embed4383]
[hn.arrowpress.net/cryptcio/wp-content/uploads/2018/01/member-3.jpg]
[hn.arrowpress.net/cryptcio/wp-content/uploads/2018/01/member-4.jpg]
[hn.arrowpress.net/cryptcio/wp-content/uploads/2019/08/member8.jpg]
[hn.arrowpress.net/cryptcio/wp-content/cache/wpfc-minified/784bx2dl/484ld.css]
[hn.arrowpress.net/cryptcio/wp-content/uploads/2019/08/img-blockchain.png]
[hn.arrowpress.net/cryptcio/wp-content/uploads/2018/01/investment-wallpaper-investment-stratedgy-1-528x402.jpg]
[hn.arrowpress.net/cryptcio/wp-content/uploads/2018/01/bg-15-528x402.jpg]
[hn.arrowpress.net/cryptcio/wp-content/cache/autoptimize/js/autoptimize_166292c915b7c5cf4feb117d2498ec57.js]
[hn.arrowpress.net/cryptcio/these-are-the-five-cheapest-us-states-for-bitcoin-mining/index.html]
[hn.arrowpress.net/cryptcio/home-7/index.html]
[hn.arrowpress.net/cryptcio/home-10/index.html]
[hn.arrowpress.net/cryptcio/home-color/index.html]
[hn.arrowpress.net/cryptcio/home-8/index.html]
[hn.arrowpress.net/cryptcio/home-9/index.html]
[hn.arrowpress.net/cryptcio/wp-json/oembed/1.0/embedd452]
[hn.arrowpress.net/cryptcio/wp-content/uploads/2019/08/h2-img-about.png]
[hn.arrowpress.net/cryptcio/wp-content/plugins/arrowpress-core/assets/images/bitcoin.png]
[hn.arrowpress.net/cryptcio/wp-content/plugins/arrowpress-core/assets/images/ethereum.png]
[hn.arrowpress.net/cryptcio/wp-content/plugins/arrowpress-core/assets/images/litecoin.png]
[hn.arrowpress.net/cryptcio/wp-content/plugins/arrowpress-core/assets/images/dash.png]
[hn.arrowpress.net/cryptcio/wp-content/cache/wpfc-minified/kahgb80z/8brcz.css]
[hn.arrowpress.net/cryptcio/wp-content/plugins/arrowpress-core/assets/images/monero.png]
[hn.arrowpress.net/cryptcio/wp-content/plugins/arrowpress-core/assets/images/bitcoingold.png]
[hn.arrowpress.net/cryptcio/wp-content/plugins/arrowpress-core/assets/images/ethereumclassic.png]
[hn.arrowpress.net/cryptcio/home-2/indexb2b2.html]
[hn.arrowpress.net/cryptcio/wp-content/cache/autoptimize/js/autoptimize_2a1d658ab8c7eb507c6527b9696120b4.js]
[hn.arrowpress.net/cryptcio/wp-content/plugins/arrowpress-core/assets/images/siacoin.png]
[hn.arrowpress.net/cryptcio/home-2/index6d67.html]
[hn.arrowpress.net/cryptcio/wp-content/plugins/arrowpress-core/assets/images/bytecoin.png]
[hn.arrowpress.net/cryptcio/home-2/index9193.html]
[hn.arrowpress.net/cryptcio/wp-content/plugins/arrowpress-core/assets/images/bitconnectcoin.png]
[hn.arrowpress.net/cryptcio/wp-content/plugins/arrowpress-core/assets/images/zcash.png]
[hn.arrowpress.net/cryptcio/wp-content/plugins/arrowpress-core/assets/images/komodo.png]
[hn.arrowpress.net/cryptcio/wp-content/plugins/arrowpress-core/assets/images/pascal.png]
[hn.arrowpress.net/cryptcio/wp-content/uploads/2019/08/home2_bg3.jpg]
[hn.arrowpress.net/cryptcio/wp-content/uploads/2018/01/pro-2-300x300.jpg]
[hn.arrowpress.net/cryptcio/wp-content/uploads/2018/01/pro-4-300x300.jpg]
[hn.arrowpress.net/cryptcio/wp-content/uploads/2018/01/product-4-300x300.jpg]
[hn.arrowpress.net/cryptcio/product/usb-riser/index.html]
[hn.arrowpress.net/cryptcio/home-2/index.html]
[hn.arrowpress.net/cryptcio/home-2/indexe95f.html]
[hn.arrowpress.net/cryptcio/home-2/index8642.html]
[hn.arrowpress.net/cryptcio/wp-json/oembed/1.0/embedc117.json]
[hn.arrowpress.net/cryptcio/product/pandaminer-b5-plus/index.html]
[hn.arrowpress.net/cryptcio/wp-json/oembed/1.0/embedc856]
[hn.arrowpress.net/cryptcio/wp-content/themes/cryptcio/images/logo3-fixed.png]
[hn.arrowpress.net/cryptcio/wp-content/uploads/2018/01/img-h3.jpg]
[hn.arrowpress.net/cryptcio/home-2/index646c.html]
[hn.arrowpress.net/cryptcio/home-2/index086b.html]
[hn.arrowpress.net/cryptcio/wp-content/uploads/2019/08/member9.jpg]
[hn.arrowpress.net/cryptcio/wp-content/uploads/2018/01/investment-wallpaper-investment-stratedgy-1-445x299.jpg]
[hn.arrowpress.net/cryptcio/home-3/index.html]
[hn.arrowpress.net/cryptcio/wp-json/oembed/1.0/embed8043.json]
[hn.arrowpress.net/cryptcio/wp-content/cache/autoptimize/js/autoptimize_cbaed53dc1eca701f49fa205ec41b811.js]
[hn.arrowpress.net/cryptcio/wp-json/oembed/1.0/embed9231]
[assets.coingecko.com/coins/images/1/small/bitcoin7158.png]
[hn.arrowpress.net/cryptcio/wp-content/uploads/2019/08/04-Homepage04.jpg]
[hn.arrowpress.net/cryptcio/wp-content/uploads/2019/08/Layer-8.png]
[hn.arrowpress.net/cryptcio/wp-content/cache/wpfc-minified/7xfixsv4/4awot.css]
[hn.arrowpress.net/cryptcio/wp-content/uploads/2019/08/mt-1254-content-bg01.jpg]
[hn.arrowpress.net/cryptcio/wp-content/uploads/2019/08/img-timeline-5.jpg]
[hn.arrowpress.net/cryptcio/wp-content/cache/autoptimize/js/autoptimize_e42be26ccd65a6987e8a1c9c925bda23.js]
[hn.arrowpress.net/cryptcio/wp-content/uploads/2019/08/shutterstock_277831355.jpg]
[hn.arrowpress.net/cryptcio/wp-content/uploads/2019/08/LCFHC-2.jpg]
[hn.arrowpress.net/cryptcio/wp-content/uploads/2019/08/Cryptocurrency2-796x531.jpg]
[hn.arrowpress.net/cryptcio/wp-content/uploads/2018/01/Inc.-Arabia-Bitcoin-1068x601.jpg]
[hn.arrowpress.net/cryptcio/wp-content/uploads/2019/08/bg-img-about.png]
[hn.arrowpress.net/cryptcio/home-4/index.html]
[hn.arrowpress.net/cryptcio/wp-json/oembed/1.0/embedb664.json]
[hn.arrowpress.net/cryptcio/wp-json/oembed/1.0/embedf8d1]
[hn.arrowpress.net/cryptcio/wp-content/uploads/2019/08/h5-slider.jpg]
[hn.arrowpress.net/cryptcio/wp-content/uploads/2019/08/about-h5.jpg]
[hn.arrowpress.net/cryptcio/home-5/index.html]
[hn.arrowpress.net/cryptcio/home-6/index.html]
[hn.arrowpress.net/cryptcio/blog/index.html]
[hn.arrowpress.net/cryptcio/wp-content/uploads/2018/01/smtp-server-570x571.jpg]
[hn.arrowpress.net/cryptcio/wp-content/cache/wpfc-minified/f4psjc1n/fdpeu.css]
[hn.arrowpress.net/cryptcio/wp-content/uploads/2019/08/img-timeline-3-570x571.jpg]
[hn.arrowpress.net/cryptcio/wp-content/uploads/2018/01/shutterstock_11702200-570x571.jpg]
[hn.arrowpress.net/cryptcio/wp-content/uploads/2018/01/investment-wallpaper-investment-stratedgy-570x571.jpg]
[hn.arrowpress.net/cryptcio/tag/blockchain/index.html]
[hn.arrowpress.net/cryptcio/wp-content/uploads/2019/08/img-timeline-1-570x571.jpg]
[hn.arrowpress.net/cryptcio/tag/ico/index.html]
[hn.arrowpress.net/cryptcio/wp-content/uploads/2018/01/Inc.-Arabia-Bitcoin-1068x601-570x571.jpg]
[hn.arrowpress.net/cryptcio/wp-content/cache/wpfc-minified/f19cxq0v/fgmdo.css]
[hn.arrowpress.net/cryptcio/wp-content/uploads/2018/01/shutterstock_212317489-570x571.jpg]
[hn.arrowpress.net/cryptcio/wp-content/uploads/2018/01/investment-wallpaper-investment-stratedgy-1-150x150.jpg]
[hn.arrowpress.net/cryptcio/okoin-vr-project-launched-2nd-ico-round/index.html]
[hn.arrowpress.net/cryptcio/tag/mining/index.html]
[hn.arrowpress.net/cryptcio/wp-content/uploads/2018/01/shutterstock_268675004-150x150.jpg]
[hn.arrowpress.net/cryptcio/wp-content/uploads/2018/01/bg-15-150x150.jpg]
[hn.arrowpress.net/cryptcio/a-look-at-the-protocols-hype-trials-and-error/index.html]
[hn.arrowpress.net/cryptcio/wp-content/uploads/2018/01/investment-wallpaper-investment-stratedgy-150x150.jpg]
[hn.arrowpress.net/cryptcio/cryptocurrencies-recover-gains-after-the-coincheck-hack/index.html]
[hn.arrowpress.net/cryptcio/bitcoin-futures-report-shows-bullish-sentiment-is-in-the-air/index.html]
[hn.arrowpress.net/cryptcio/category/market/index.html]
[hn.arrowpress.net/cryptcio/indians-expect-clarity-on-bitcoin-taxes-within-days/index.html]
[hn.arrowpress.net/cryptcio/thailand-taking-steps-to-regulate-icos/index.html]
[hn.arrowpress.net/cryptcio/wp-content/cache/autoptimize/js/autoptimize_35a1806acb2a02e9ebf52447515e0276.js]
[hn.arrowpress.net/cryptcio/wp-content/uploads/2018/01/smtp-server.jpg]
[hn.arrowpress.net/cryptcio/category/market/page/2/index.html]
[hn.arrowpress.net/cryptcio/2018/01/index.html]
[hn.arrowpress.net/cryptcio/wp-content/uploads/2019/08/img-timeline-3.jpg]
[hn.arrowpress.net/cryptcio/tag/trading/index.html]
[hn.arrowpress.net/cryptcio/wp-content/uploads/2018/01/shutterstock_11702200.jpg]
[hn.arrowpress.net/cryptcio/wp-content/uploads/2018/01/bg-15.jpg]
[hn.arrowpress.net/cryptcio/wp-content/uploads/2018/01/shutterstock_268675004.jpg]
[hn.arrowpress.net/cryptcio/wp-content/cache/autoptimize/js/autoptimize_f02ce71b07bdf48ab16d550244c4ad58.js]
[hn.arrowpress.net/cryptcio/wp-content/uploads/2019/08/img-timeline-1.jpg]
[hn.arrowpress.net/cryptcio/wp-content/uploads/2018/01/shutterstock_241843645.jpg]
[hn.arrowpress.net/cryptcio/opera-browser-include-built-anti-bitcoin-mining-feature/index.html]
[hn.arrowpress.net/cryptcio/category/blockchain/index.html]
[hn.arrowpress.net/cryptcio/most-cryptocurrencies-are-more-centralized-than-you-think/index.html]
[hn.arrowpress.net/cryptcio/wp-content/uploads/2018/01/shutterstock_182480630.jpg]
[hn.arrowpress.net/cryptcio/category/trading/index.html]
[hn.arrowpress.net/cryptcio/category/trading/page/2/index.html]
[hn.arrowpress.net/cryptcio/wp-json/oembed/1.0/embedce95.json]
[hn.arrowpress.net/cryptcio/wp-json/oembed/1.0/embed3c7f]
[hn.arrowpress.net/cryptcio/wp-content/uploads/2018/01/investment-wallpaper-investment-stratedgy-1-766x519.jpg]
[hn.arrowpress.net/cryptcio/indian-bitcoin-exchange-zebpay-adds-litecoin/index.html]
[hn.arrowpress.net/cryptcio/wp-content/uploads/2018/01/pro-7-300x300.jpg]
[hn.arrowpress.net/cryptcio/wp-content/uploads/2018/01/pro-6-300x300.jpg]
[hn.arrowpress.net/cryptcio/wp-content/uploads/2018/01/product-3-300x300.jpg]
[hn.arrowpress.net/cryptcio/wp-content/uploads/2018/01/product-2-300x300.jpg]
[hn.arrowpress.net/cryptcio/wp-content/cache/autoptimize/js/autoptimize_ff526f1d727460c66f66f8f876ce9dbb.js]
[hn.arrowpress.net/cryptcio/product-category/uncategorized/index.html]
[hn.arrowpress.net/cryptcio/product-category/hardware-wallets/bitvault/index.html]
[hn.arrowpress.net/cryptcio/shop/index.html]
[hn.arrowpress.net/cryptcio/product-category/hardware-wallets/keepkey/index.html]
[hn.arrowpress.net/cryptcio/product-category/hardware-wallets/ledger/index.html]
[hn.arrowpress.net/cryptcio/product-category/hardware-wallets/trezor/index.html]
[hn.arrowpress.net/cryptcio/product-category/routers/index.html]
[hn.arrowpress.net/cryptcio/shop/indexb25b.html]
[hn.arrowpress.net/cryptcio/product-category/mining-hardware/index.html]
[hn.arrowpress.net/cryptcio/wp-content/cache/autoptimize/js/autoptimize_6c7f4440082653e5dc54a29826b633e2.js]
[hn.arrowpress.net/cryptcio/product-category/hardware-wallets/index.html]
[hn.arrowpress.net/cryptcio/shop/index6d67.html]
[hn.arrowpress.net/cryptcio/product-category/power-supplies/index.html]
[hn.arrowpress.net/cryptcio/shop/index9193.html]
[hn.arrowpress.net/cryptcio/wp-content/cache/autoptimize/js/autoptimize_fbdc56318fb5ea3ebc0d4595d0808ea8.js]
[hn.arrowpress.net/cryptcio/wp-content/cache/autoptimize/js/autoptimize_c92c0e55c6ff689ec414e05eacaa7d4c.js]
[hn.arrowpress.net/cryptcio/shop/indexe95f.html]
[hn.arrowpress.net/cryptcio/wp-json/oembed/1.0/embed67da]
[hn.arrowpress.net/cryptcio/wp-content/uploads/2018/01/pro-2.jpg]
[hn.arrowpress.net/cryptcio/wp-content/cache/autoptimize/js/autoptimize_cad03ff98fc65a03b95651348e1e9f86.js]
[hn.arrowpress.net/cryptcio/wp-content/cache/wpfc-minified/jymh6sel/fk8ln.css]
[hn.arrowpress.net/cryptcio/wp-content/uploads/2018/01/pro-2-660x660.jpg]
[hn.arrowpress.net/cryptcio/shop/index646c.html]
[hn.arrowpress.net/cryptcio/wp-content/uploads/2018/01/pro-6-660x660.jpg]
[hn.arrowpress.net/cryptcio/shop/index086b.html]
[hn.arrowpress.net/cryptcio/shop/indexa38d.html]
[hn.arrowpress.net/cryptcio/wp-content/uploads/2018/01/pro-2-100x100.jpg]
[hn.arrowpress.net/cryptcio/shop/index7372.html]
[hn.arrowpress.net/cryptcio/shop/indexdb15.html]
[hn.arrowpress.net/cryptcio/wp-content/uploads/2018/01/pro-6-100x100.jpg]
[hn.arrowpress.net/cryptcio/shop/indexc97a.html]
[hn.arrowpress.net/cryptcio/shop/indexba65.html]
[hn.arrowpress.net/cryptcio/wp-content/uploads/2018/01/product-3-100x100.jpg]
[hn.arrowpress.net/cryptcio/shop/index96f4.html]
[hn.arrowpress.net/cryptcio/product/evga-supernova-1200/index.html]
[hn.arrowpress.net/cryptcio/product/sata/index.html]
[hn.arrowpress.net/cryptcio/shop/index23de.html]
[hn.arrowpress.net/cryptcio/shop/index3e7f.html]
[hn.arrowpress.net/cryptcio/product/antminer-fan/index.html]
[hn.arrowpress.net/cryptcio/wp-json/oembed/1.0/embeda514.json]
[hn.arrowpress.net/cryptcio/shop/indexf5df.html]
[hn.arrowpress.net/cryptcio/wp-json/oembed/1.0/embed591d]
[hn.arrowpress.net/cryptcio/shop/index4d2c.html]
[hn.arrowpress.net/cryptcio/product/antminer-s9-control-board/index.html]
[hn.arrowpress.net/cryptcio/shop/index0f4b.html]
[hn.arrowpress.net/cryptcio/wp-content/uploads/2018/01/pro-6-600x600.jpg]
[hn.arrowpress.net/cryptcio/wp-content/uploads/2018/01/pro-4.jpg]
[hn.arrowpress.net/cryptcio/shop/index84f3.html]
[hn.arrowpress.net/cryptcio/shop/index4d39.html]
[hn.arrowpress.net/cryptcio/shop/indexb6f2.html]
[hn.arrowpress.net/cryptcio/wp-content/uploads/2018/01/pro-1.jpg]
[hn.arrowpress.net/cryptcio/product/apw-miner/index.html]
[hn.arrowpress.net/cryptcio/wp-content/uploads/2018/01/pro-1-600x600.jpg]
[hn.arrowpress.net/cryptcio/product/his-rx-470-iceq-4gb-gpu-card/index.html]
[hn.arrowpress.net/cryptcio/wp-content/cache/autoptimize/js/autoptimize_9eaced05abc797ff7d8a18e40e498b03.js]
[hn.arrowpress.net/cryptcio/wp-json/oembed/1.0/embed4114.json]
[hn.arrowpress.net/cryptcio/shop/index73e6.html]
[hn.arrowpress.net/cryptcio/wp-json/oembed/1.0/embed0418]
[hn.arrowpress.net/cryptcio/product/a-223-20-port-usb-hub/index.html]
[hn.arrowpress.net/cryptcio/shop/indexef60.html]
[hn.arrowpress.net/cryptcio/product-category/miner-hosting-services/index.html]
[hn.arrowpress.net/cryptcio/product-category/mining-hardware/indexe95f.html]
[hn.arrowpress.net/cryptcio/product-category/mining-hardware/index8642.html]
[hn.arrowpress.net/cryptcio/product-category/mining-hardware/index7372.html]
[hn.arrowpress.net/cryptcio/product-category/mining-hardware/indexa38d.html]
[hn.arrowpress.net/cryptcio/product-category/mining-hardware/indexdb15.html]
[hn.arrowpress.net/cryptcio/wp-content/plugins/js_composer/assets/css/js_composer.min.css]
[hn.arrowpress.net/cryptcio/product-category/mining-hardware/indexf5df.html]
[hn.arrowpress.net/cryptcio/wp-content/plugins/Ultimate_VC_Addons/assets/css/icons.css]
[hn.arrowpress.net/cryptcio/product-category/mining-hardware/indexc97a.html]
[hn.arrowpress.net/cryptcio/wp-content/plugins/Ultimate_VC_Addons/assets/min-css/ultimate.min.css]
[hn.arrowpress.net/cryptcio/product/antminer-d3/index.html]
[hn.arrowpress.net/cryptcio/product-category/mining-hardware/index4d2c.html]
[hn.arrowpress.net/cryptcio/wp-content/themes/cryptcio/js/particles.min.js]
[hn.arrowpress.net/cryptcio/wp-content/themes/cryptcio/js/particles/theme-particles.js]
[hn.arrowpress.net/cryptcio/wp-content/plugins/Ultimate_VC_Addons/assets/min-js/ultimate.min.js]
[hn.arrowpress.net/cryptcio/product/antminer-s7/index.html]
[hn.arrowpress.net/cryptcio/wp-content/plugins/js_composer/assets/js/dist/js_composer_front.min.js]
[hn.arrowpress.net/cryptcio/product-category/mining-hardware/index628b.html]
[hn.arrowpress.net/cryptcio/wp-content/plugins/Ultimate_VC_Addons/assets/min-js/vhparallax.min.js]
[hn.arrowpress.net/cryptcio/indexb25b.html]
[hn.arrowpress.net/cryptcio/product-category/mining-hardware/indexa10c.html]
[hn.arrowpress.net/cryptcio/product-category/hardware-wallets/indexb25b.html]
[hn.arrowpress.net/cryptcio/product-category/hardware-wallets/index6d67.html]
[hn.arrowpress.net/cryptcio/product-category/hardware-wallets/indexc8eb.html]
[hn.arrowpress.net/cryptcio/product-category/hardware-wallets/indexe95f.html]
[hn.arrowpress.net/cryptcio/product-category/hardware-wallets/indexb2b2.html]
[hn.arrowpress.net/cryptcio/wp-content/cache/autoptimize/css/autoptimize_d42a03aa75f0a7701767c3e4027973c7.css]
[hn.arrowpress.net/cryptcio/product-category/hardware-wallets/index8642.html]
[hn.arrowpress.net/cryptcio/wp-json/oembed/1.0/embed2418]
[hn.arrowpress.net/cryptcio/product-category/hardware-wallets/index23de.html]
[hn.arrowpress.net/cryptcio/wp-json/oembed/1.0/embeddf9c]
[hn.arrowpress.net/cryptcio/product-category/hardware-wallets/index3e7f.html]
[hn.arrowpress.net/cryptcio/wishlist/index.html]
[hn.arrowpress.net/cryptcio/product-category/hardware-wallets/index84f3.html]
[hn.arrowpress.net/cryptcio/index6d67.html]
[hn.arrowpress.net/cryptcio/wp-content/cache/autoptimize/css/autoptimize_e0476cf1b1391fec4a98ae8abaf53bff.css]
[hn.arrowpress.net/cryptcio/product-category/hardware-wallets/index0f4b.html]
[hn.arrowpress.net/cryptcio/product-category/hardware-wallets/indexb6f2.html]
[hn.arrowpress.net/cryptcio/index9193.html]
[hn.arrowpress.net/cryptcio/product-category/hardware-wallets/page/2/index.html]
[hn.arrowpress.net/cryptcio/index10d8.html]
[hn.arrowpress.net/cryptcio/product-category/power-supplies/indexb25b.html]
[hn.arrowpress.net/cryptcio/product-category/power-supplies/indexa38d.html]
[hn.arrowpress.net/cryptcio/product-category/power-supplies/index7372.html]
[hn.arrowpress.net/cryptcio/wp-json/oembed/1.0/embedb768.json]
[hn.arrowpress.net/cryptcio/product-category/power-supplies/index23de.html]
[hn.arrowpress.net/cryptcio/product-category/power-supplies/index3e7f.html]
[hn.arrowpress.net/cryptcio/ico-plan/index.html]
[hn.arrowpress.net/cryptcio/product-category/power-supplies/index4d2c.html]
[hn.arrowpress.net/cryptcio/product-category/power-supplies/index73e6.html]
[hn.arrowpress.net/cryptcio/wp-content/uploads/2019/08/member11.jpg]
[hn.arrowpress.net/cryptcio/wp-content/cache/autoptimize/css/autoptimize_4fbb8510b55a7ba4b2c61f08a7ae7c85.css]
[hn.arrowpress.net/cryptcio/wp-content/uploads/2019/08/member6.129.delayed]
[hn.arrowpress.net/cryptcio/our-team/index.html]
[hn.arrowpress.net/cryptcio/wp-content/cache/autoptimize/css/autoptimize_46a700235954e2cde79458c132096ad7.css]
[hn.arrowpress.net/cryptcio/wp-content/cache/autoptimize/js/autoptimize_8b471dd24c4d99e4caed89d393a7c65a.js]
[hn.arrowpress.net/cryptcio/wp-json/oembed/1.0/embedab58.json]
[hn.arrowpress.net/cryptcio/wp-json/oembed/1.0/embede1fe]
[hn.arrowpress.net/cryptcio/wp-content/uploads/2018/03/1486592314-488x555.jpg]
[hn.arrowpress.net/cryptcio/product-category/power-supplies/index5687.html]
[hn.arrowpress.net/cryptcio/about-us/index.html]
[hn.arrowpress.net/cryptcio/wp-content/cache/autoptimize/css/autoptimize_fe24cbf104927dd38e32e85ee4faec67.css]
[hn.arrowpress.net/cryptcio/product-category/power-supplies/index6029.html]
[hn.arrowpress.net/cryptcio/wp-json/oembed/1.0/embedf5b9.json]
[hn.arrowpress.net/cryptcio/wp-content/cache/autoptimize/js/autoptimize_29b6ea6a69be7224bf1231a385633116.js]
[hn.arrowpress.net/cryptcio/wp-json/oembed/1.0/embed7e92]
[hn.arrowpress.net/cryptcio/about-us/our-partners/index.html]
[hn.arrowpress.net/cryptcio/product/sata/index9193.html]
[hn.arrowpress.net/cryptcio/product/sata/indexb25b.html]
[hn.arrowpress.net/cryptcio/product/sata/indexb2b2.html]
[hn.arrowpress.net/cryptcio/wp-content/uploads/2019/08/img-timeline-4.jpg]
[hn.arrowpress.net/cryptcio/product/sata/indexe95f.html]
[hn.arrowpress.net/cryptcio/our-history/index.html]
[hn.arrowpress.net/cryptcio/wp-content/cache/autoptimize/css/autoptimize_30ec1eea73f660f5c560c89215873acf.css]
[hn.arrowpress.net/cryptcio/wp-content/uploads/2018/03/project3-570x386.jpg]
[hn.arrowpress.net/cryptcio/wp-content/cache/autoptimize/css/autoptimize_52700b6744a1e501db227e95db047f87.css]
[hn.arrowpress.net/cryptcio/product/sata/indexb6f2.html]
[hn.arrowpress.net/cryptcio/wp-content/uploads/2018/01/bg-15-570x386.13b.delayed]
[hn.arrowpress.net/cryptcio/wp-content/uploads/2018/01/shutterstock_212317489-570x386.jpg]
[hn.arrowpress.net/cryptcio/product/sata/index628b.html]
[hn.arrowpress.net/cryptcio/product/sata/indexa10c.html]
[hn.arrowpress.net/cryptcio/service/index.html]
[hn.arrowpress.net/cryptcio/product/his-rx-470-iceq-4gb-gpu-card/indexc97a.html]
[hn.arrowpress.net/cryptcio/wp-content/cache/autoptimize/css/autoptimize_5825f36c49680e8e9909e43a003adb78.css]
[hn.arrowpress.net/cryptcio/product/his-rx-470-iceq-4gb-gpu-card/indexf5df.html]
[hn.arrowpress.net/cryptcio/product/his-rx-470-iceq-4gb-gpu-card/index4d2c.html]
[hn.arrowpress.net/cryptcio/wp-content/uploads/2018/03/1486592314-1000x400.jpg]
[hn.arrowpress.net/cryptcio/product/his-rx-470-iceq-4gb-gpu-card/indexa38d.html]
[hn.arrowpress.net/cryptcio/service/bitcoin-transaction-2/index.html]
[hn.arrowpress.net/cryptcio/product/his-rx-470-iceq-4gb-gpu-card/index5687.html]
[hn.arrowpress.net/cryptcio/wp-content/cache/autoptimize/css/autoptimize_9357acb34ae7a30495d2591dc598b077.css]
[hn.arrowpress.net/cryptcio/wp-json/oembed/1.0/embedd62b]
[hn.arrowpress.net/cryptcio/wp-content/uploads/2018/01/blog1-846x416.jpg]
[hn.arrowpress.net/cryptcio/product/his-rx-470-iceq-4gb-gpu-card/index6029.html]
[hn.arrowpress.net/cryptcio/service/bitcoin-investment-2/index.html]
[hn.arrowpress.net/cryptcio/wp-content/cache/autoptimize/js/autoptimize_35de815548fdb5f481178455356e548e.js]
[hn.arrowpress.net/cryptcio/wp-json/oembed/1.0/embeda3d0.json]
[hn.arrowpress.net/cryptcio/wp-json/oembed/1.0/embed79d1]
[hn.arrowpress.net/cryptcio/wp-content/cache/autoptimize/css/autoptimize_b0c7df84929f1c4ae2bc1ef8a446f1d5.css]
[hn.arrowpress.net/cryptcio/service/bitcoin-exchange-2/index.html]
[hn.arrowpress.net/cryptcio/product/his-rx-470-iceq-4gb-gpu-card/index84f3.html]
[hn.arrowpress.net/cryptcio/product/his-rx-470-iceq-4gb-gpu-card/index0f4b.html]
[hn.arrowpress.net/cryptcio/wp-json/oembed/1.0/embed5927.json]
[hn.arrowpress.net/cryptcio/product/a-223-20-port-usb-hub/indexb2b2.html]
[hn.arrowpress.net/cryptcio/wp-json/oembed/1.0/embed97ff]
[hn.arrowpress.net/cryptcio/product/a-223-20-port-usb-hub/index646c.html]
[hn.arrowpress.net/cryptcio/wp-content/cache/autoptimize/css/autoptimize_defaa250fcbd6c487aec12403cda43f5.css]
[hn.arrowpress.net/cryptcio/wallet/index.html]
[hn.arrowpress.net/cryptcio/product/a-223-20-port-usb-hub/index086b.html]
[hn.arrowpress.net/cryptcio/product/a-223-20-port-usb-hub/index4d39.html]
[hn.arrowpress.net/cryptcio/wp-json/oembed/1.0/embedcd4d.json]
[hn.arrowpress.net/cryptcio/product/a-223-20-port-usb-hub/index96f4.html]
[hn.arrowpress.net/cryptcio/orders-tracking/index.html]
[hn.arrowpress.net/cryptcio/product/a-223-20-port-usb-hub/indexe95f.html]
[hn.arrowpress.net/cryptcio/product/a-223-20-port-usb-hub/index8642.html]
[hn.arrowpress.net/cryptcio/contact-us/contact@medic.com]
[hn.arrowpress.net/cryptcio/contact-us/index.html]
[hn.arrowpress.net/cryptcio/wp-content/cache/autoptimize/css/autoptimize_64a8fa702cd27e4dc23c1f8ac9219d18.css]
[hn.arrowpress.net/cryptcio/wp-json/oembed/1.0/embedb2d1.json]
[hn.arrowpress.net/cryptcio/indexea2a.html]
[hn.arrowpress.net/cryptcio/wp-json/oembed/1.0/embedfad1]
[hn.arrowpress.net/cryptcio/indexc46f.html]
[hn.arrowpress.net/cryptcio/wp-content/uploads/2018/03/project1-1141x561.jpg]
[hn.arrowpress.net/cryptcio/wp-content/cache/autoptimize/js/autoptimize_0c85aa4327875be522a0656a8a5e411f.js]
[hn.arrowpress.net/cryptcio/cart/index.html]
[hn.arrowpress.net/cryptcio/project/what-is-the-purpose-of-cryptocurrency/index.html]
[hn.arrowpress.net/cryptcio/wishlist/indexe0ae.html]
[hn.arrowpress.net/cryptcio/project_cat/research-development/index.html]
[hn.arrowpress.net/cryptcio/indexb2b2.html]
[hn.arrowpress.net/cryptcio/wp-json/oembed/1.0/embed0fec.json]
[hn.arrowpress.net/cryptcio/wp-json/oembed/1.0/embed2656]
[hn.arrowpress.net/cryptcio/wp-content/uploads/2018/03/project2-1141x561.jpg]
[hn.arrowpress.net/cryptcio/project/initial-coin-offer-ico-for-stmx-token/index.html]
[hn.arrowpress.net/cryptcio/index2c23.html]
[hn.arrowpress.net/cryptcio/wp-content/uploads/2018/03/1486592314-634x634.jpg]
[hn.arrowpress.net/cryptcio/wp-content/cache/autoptimize/js/autoptimize_6b0f48d700d8d316521840179774e12a.js]
[hn.arrowpress.net/cryptcio/wp-content/uploads/2018/01/shutterstock_197725715-634x634.jpg]
[hn.arrowpress.net/cryptcio/project/index.html]
[hn.arrowpress.net/cryptcio/wp-content/cache/autoptimize/js/autoptimize_ac450f861c049144b862cf436097c7c4.js]
[hn.arrowpress.net/cryptcio/wp-json/oembed/1.0/embed93ea.json]
[hn.arrowpress.net/cryptcio/wp-json/oembed/1.0/embed7ef2]
[hn.arrowpress.net/cryptcio/ico-plan/indexb25b.html]
[hn.arrowpress.net/cryptcio/wp-content/uploads/2018/03/1486592314-1000x561.jpg]
[hn.arrowpress.net/cryptcio/project/data-security-on-blockchain/index.html]
[hn.arrowpress.net/cryptcio/indexd0e6.html]
[hn.arrowpress.net/cryptcio/ico-plan/index9193.html]
[hn.arrowpress.net/cryptcio/about-us/indexb25b.html]
[hn.arrowpress.net/cryptcio/wp-json/oembed/1.0/embed2b08.json]
[hn.arrowpress.net/cryptcio/about-us/index9193.html]
[hn.arrowpress.net/cryptcio/wp-json/oembed/1.0/embed8f5d]
[hn.arrowpress.net/cryptcio/about-us/our-partners/indexb25b.html]
[hn.arrowpress.net/cryptcio/wp-content/uploads/2018/03/project4-1141x561.jpg]
[hn.arrowpress.net/cryptcio/about-us/our-partners/index9193.html]
[hn.arrowpress.net/cryptcio/project/blockchain-investment-analysis/index.html]
[hn.arrowpress.net/cryptcio/project_cat/investment-consulting/index.html]
[hn.arrowpress.net/cryptcio/about-us/our-partners/index6d67.html]
[hn.arrowpress.net/cryptcio/our-history/indexb25b.html]
[hn.arrowpress.net/cryptcio/our-history/indexb2b2.html]
[hn.arrowpress.net/cryptcio/project/blockchain-in-retail-business/index.html]
[hn.arrowpress.net/cryptcio/service/software-development/index.html]
[hn.arrowpress.net/cryptcio/service/bitcoin-mining/index.html]
[hn.arrowpress.net/cryptcio/our-history/index6d67.html]
[hn.arrowpress.net/cryptcio/service/bitcoin-transaction/index.html]
[hn.arrowpress.net/cryptcio/wp-json/oembed/1.0/embed12bc.json]
[hn.arrowpress.net/cryptcio/service/bitcoin-exchange/index.html]
[hn.arrowpress.net/cryptcio/service/page/2/index.html]
[hn.arrowpress.net/cryptcio/service/bitcoin-escrow-service/index.html]
[hn.arrowpress.net/cryptcio/wp-json/oembed/1.0/embed5fd2]
[hn.arrowpress.net/cryptcio/service_cat/initial-coin-offering/index.html]
[hn.arrowpress.net/cryptcio/service_cat/cryptocurrency-investments/index.html]
[hn.arrowpress.net/cryptcio/service_cat/research-and-development/index.html]
[hn.arrowpress.net/cryptcio/wp-content/uploads/2018/01/shutterstock_197725715-1141x561.jpg]
[hn.arrowpress.net/cryptcio/service_cat/workshops-seminars/index.html]
[hn.arrowpress.net/cryptcio/project/bitcoin-and-cryptocurrency-investments/index.html]
[hn.arrowpress.net/cryptcio/service_cat/payment-integration/index.html]
[hn.arrowpress.net/cryptcio/service_cat/bitcoin-atms-kiosks/index.html]
[hn.arrowpress.net/cryptcio/wallet/indexb2b2.html]
[hn.arrowpress.net/cryptcio/wallet/indexb25b.html]
[hn.arrowpress.net/cryptcio/wp-json/oembed/1.0/embedbe20.json]
[hn.arrowpress.net/cryptcio/wp-json/oembed/1.0/embed2148]
[hn.arrowpress.net/cryptcio/wp-content/uploads/2018/01/smtp-server-1200x412.jpg]
[hn.arrowpress.net/cryptcio/wallet/index6d67.html]
[hn.arrowpress.net/cryptcio/wallet/index9193.html]
[hn.arrowpress.net/cryptcio/wp-content/uploads/2018/01/shutterstock_11702200-1200x412.jpg]
[hn.arrowpress.net/cryptcio/404]
[hn.arrowpress.net/cryptcio/odio-sit-amet-venenatis-dignissim/index.html]
[hn.arrowpress.net/cryptcio/wp-content/cache/autoptimize/css/autoptimize_7d4f4be27b9c6d293b55c34d96abe373.css]
[hn.arrowpress.net/cryptcio/wp-json/oembed/1.0/embed4125.json]
[hn.arrowpress.net/cryptcio/wp-json/oembed/1.0/embed0f16]
[hn.arrowpress.net/cryptcio/wp-content/uploads/2018/01/bg-15-1024x519.jpg]
[hn.arrowpress.net/cryptcio/orders-tracking/indexb2b2.html]
[hn.arrowpress.net/cryptcio/thailandtakingsteps-to-regulateicos/index.html]
[hn.arrowpress.net/cryptcio/orders-tracking/index6d67.html]
[hn.arrowpress.net/cryptcio/wp-content/plugins/woocommerce-ajax-filters/images/sprite.png]
[hn.arrowpress.net/cryptcio/contact-us/indexb25b.html]
[hn.arrowpress.net/cryptcio/wp-content/plugins/woocommerce-ajax-filters/css/scrollbar/mCSB_buttons.png]
[hn.arrowpress.net/cryptcio/contact-us/indexb2b2.html]
[hn.arrowpress.net/cryptcio/wp-content/plugins/arrowpress-core/assets/images/h7_img_bg2.png]
[hn.arrowpress.net/cryptcio/wp-content/plugins/contact-form-7/images/ajax-loader.gif]
[hn.arrowpress.net/cryptcio/wp-content/plugins/ct-ultimate-gdpr/assets/css/images/icons8_Delete_1.png]
[hn.arrowpress.net/cryptcio/contact-us/index6d67.html]
[hn.arrowpress.net/cryptcio/wp-content/uploads/2018/03/project1-634x634.jpg]
[hn.arrowpress.net/cryptcio/contact-us/index9193.html]
[hn.arrowpress.net/cryptcio/wp-content/plugins/revslider/public/assets/fonts/revicons/revicons90c6.eot]
[hn.arrowpress.net/cryptcio/wp-content/plugins/yith-woocommerce-compare/assets/images/colorbox/controls.png]
[hn.arrowpress.net/cryptcio/wp-content/plugins/woocommerce/assets/fonts/star.eot]
[hn.arrowpress.net/cryptcio/wp-content/plugins/yith-woocommerce-wishlist/assets/images/jquery.selectBox-arrow.gif]
[hn.arrowpress.net/cryptcio/project_cat/payment-integration/index.html]
[hn.arrowpress.net/cryptcio/wp-content/uploads/2018/01/shutterstock_268675004-634x634.jpg]
[hn.arrowpress.net/cryptcio/wp-content/uploads/2018/01/shutterstock_197725715-951x476.jpg]
[hn.arrowpress.net/cryptcio/wp-content/themes/cryptcio/images/logo_footer.png]
[hn.arrowpress.net/cryptcio/wp-content/plugins/yith-woocommerce-wishlist/assets/images/jquery.selectBox-arrow.png]
[hn.arrowpress.net/cryptcio/wp-content/themes/cryptcio/fonts/Linearicons-Free54e9.eot]
[hn.arrowpress.net/cryptcio/wp-content/plugins/Ultimate_VC_Addons/assets/min-css/fonts/ult-silk.eot]
[hn.arrowpress.net/cryptcio/wp-content/themes/cryptcio/fonts/fontawesome-webfont.eot]
[hn.arrowpress.net/cryptcio/wp-content/plugins/Ultimate_VC_Addons/assets/css/fonts/ult-silk.eot]
[hn.arrowpress.net/cryptcio/wp-content/cache/wpfc-minified/efeogutu/fcbcs.css]
[hn.arrowpress.net/cryptcio/wp-content/plugins/woocommerce/assets/css/photoswipe/default-skin/default-skin.png]
[hn.arrowpress.net/cryptcio/wp-content/plugins/woocommerce-ajax-filters/css/scrollbar/Scrollbar.min.css]
[hn.arrowpress.net/cryptcio/wp-content/plugins/ct-ultimate-gdpr/assets/css/cookie-popup.css]
[hn.arrowpress.net/cryptcio/wp-includes/css/dist/block-library/style.min.css]
[hn.arrowpress.net/cryptcio/wp-content/plugins/woocommerce-ajax-filters/css/widget.css]
[hn.arrowpress.net/cryptcio/wp-content/plugins/arrowpress-core/assets/css/apr_core.min.css]
[hn.arrowpress.net/cryptcio/wp-content/plugins/arrowpress-core/assets/images/h7_img_bg1.png]
[hn.arrowpress.net/cryptcio/wp-content/plugins/arrowpress-core/assets/css/fonts/Pe-icon-7-strokebb1d.woff]
[hn.arrowpress.net/cryptcio/wp-content/plugins/arrowpress-core/assets/css/fonts/Pe-icon-7-strokebb1d.ttf]
[hn.arrowpress.net/cryptcio/wp-content/plugins/arrowpress-core/assets/css/fonts/Pe-icon-7-stroked41d.eot]
[hn.arrowpress.net/cryptcio/wp-content/plugins/arrowpress-core/assets/css/pe-icon-7-stroke.min.css]
[hn.arrowpress.net/cryptcio/wp-content/plugins/arrowpress-core/assets/css/fonts/themify9f24.ttf]
[hn.arrowpress.net/cryptcio/wp-content/plugins/arrowpress-core/assets/css/themify-icons.min.css]
[hn.arrowpress.net/cryptcio/wp-content/plugins/arrowpress-core/assets/css/fonts/Pe-icon-7-strokebb1d.svg]
[hn.arrowpress.net/cryptcio/wp-content/plugins/arrowpress-core/assets/css/fonts/themifyd41d.eot]
[hn.arrowpress.net/cryptcio/wp-content/plugins/arrowpress-core/assets/css/fonts/FontCryptoCiocf4e.ttf]
[hn.arrowpress.net/cryptcio/wp-content/plugins/arrowpress-core/assets/css/cryptcio-icons.min.css]
[hn.arrowpress.net/cryptcio/wp-content/themes/cryptcio/fonts/fontawesome-webfont3e6e.woff2]
[hn.arrowpress.net/cryptcio/wp-content/themes/cryptcio/fonts/fontawesome-webfont3e6e.woff]
[hn.arrowpress.net/cryptcio/wp-content/themes/cryptcio/fonts/fontawesome-webfont3e6e.ttf]
[hn.arrowpress.net/cryptcio/wp-content/themes/cryptcio/css/font-awesome.min.css]
[hn.arrowpress.net/cryptcio/wp-content/plugins/coin_charts/css/coincharts.css]
[hn.arrowpress.net/cryptcio/wp-content/plugins/contact-form-7/includes/css/styles.css]
[hn.arrowpress.net/cryptcio/wp-content/plugins/ct-ultimate-gdpr/assets/css/style.css]
[hn.arrowpress.net/cryptcio/wp-content/plugins/revslider/public/assets/fonts/revicons/revicons90c6.ttf]
[hn.arrowpress.net/cryptcio/wp-content/plugins/revslider/public/assets/fonts/revicons/revicons90c6.svg]
[hn.arrowpress.net/cryptcio/wp-content/plugins/revslider/public/assets/css/openhand.cur]
[hn.arrowpress.net/cryptcio/wp-content/plugins/revslider/public/assets/css/closedhand.cur]
[hn.arrowpress.net/cryptcio/wp-content/plugins/revslider/public/assets/assets/gridtile.png]
[hn.arrowpress.net/cryptcio/wp-content/themes/cryptcio/fonts/fontawesome-webfont3e6e.svg]
[hn.arrowpress.net/cryptcio/wp-content/plugins/revslider/public/assets/assets/gridtile_white.png]
[hn.arrowpress.net/cryptcio/wp-content/plugins/revslider/public/assets/assets/gridtile_3x3.png]
[hn.arrowpress.net/cryptcio/wp-content/plugins/revslider/public/assets/assets/gridtile_3x3_white.png]
[hn.arrowpress.net/cryptcio/wp-content/plugins/revslider/public/assets/assets/coloredbg.png]
[hn.arrowpress.net/cryptcio/wp-content/plugins/revslider/public/assets/assets/loader.gif]
[hn.arrowpress.net/cryptcio/wp-content/plugins/revslider/public/assets/css/settings.css]
[hn.arrowpress.net/cryptcio/wp-content/plugins/virtual_coin_widgets/assets/css/vcw.css]
[hn.arrowpress.net/cryptcio/wp-content/plugins/woocommerce-ajax-filters/css/select2.min.css]
[hn.arrowpress.net/cryptcio/wp-content/plugins/yith-woocommerce-compare/assets/images/colorbox/border.png]
[hn.arrowpress.net/cryptcio/wp-content/plugins/yith-woocommerce-compare/assets/images/colorbox/loading.gif]
[hn.arrowpress.net/cryptcio/wp-content/plugins/yith-woocommerce-compare/assets/css/colorbox.css]
[hn.arrowpress.net/cryptcio/wp-content/plugins/yith-woocommerce-compare/assets/css/widget.css]
[hn.arrowpress.net/cryptcio/wp-content/plugins/yith-woocommerce-quick-view/assets/css/yith-quick-view.css]
[hn.arrowpress.net/cryptcio/wp-content/plugins/woocommerce/assets/fonts/stard41d.eot]
[hn.arrowpress.net/cryptcio/wp-content/plugins/woocommerce/assets/fonts/star.woff]
[hn.arrowpress.net/cryptcio/wp-content/plugins/woocommerce/assets/fonts/star.ttf]
[hn.arrowpress.net/cryptcio/wp-content/plugins/woocommerce/assets/fonts/star.svg]
[hn.arrowpress.net/cryptcio/wp-content/plugins/woocommerce/assets/fonts/WooCommerce.eot]
[hn.arrowpress.net/cryptcio/wp-content/plugins/woocommerce/assets/fonts/WooCommerced41d.eot]
[hn.arrowpress.net/cryptcio/wp-content/plugins/woocommerce/assets/fonts/WooCommerce.woff]
[hn.arrowpress.net/cryptcio/wp-content/plugins/woocommerce/assets/fonts/WooCommerce.ttf]
[hn.arrowpress.net/cryptcio/wp-content/plugins/woocommerce/assets/fonts/WooCommerce.svg]
[hn.arrowpress.net/cryptcio/wp-content/plugins/woocommerce/assets/images/icons/loader.svg]
[hn.arrowpress.net/cryptcio/wp-content/plugins/woocommerce/assets/css/prettyPhoto.css]
[hn.arrowpress.net/cryptcio/wp-content/plugins/yith-woocommerce-wishlist/assets/css/jquery.selectBox.css]
[hn.arrowpress.net/cryptcio/wp-content/plugins/yith-woocommerce-wishlist/assets/images/facebook.png]
[hn.arrowpress.net/cryptcio/wp-content/plugins/yith-woocommerce-wishlist/assets/images/twitter.png]
[hn.arrowpress.net/cryptcio/wp-content/plugins/yith-woocommerce-wishlist/assets/images/pinterest.jpg]
[hn.arrowpress.net/cryptcio/wp-content/plugins/yith-woocommerce-wishlist/assets/images/googleplus.jpg]
[hn.arrowpress.net/cryptcio/wp-content/plugins/yith-woocommerce-wishlist/assets/images/email.jpg]
[hn.arrowpress.net/cryptcio/wp-content/plugins/yith-woocommerce-wishlist/assets/css/style.css]
[hn.arrowpress.net/cryptcio/wp-includes/fonts/dashicons2ce6.ttf]
[hn.arrowpress.net/cryptcio/wp-includes/css/dashicons.min.css]
[hn.arrowpress.net/cryptcio/wp-content/themes/cryptcio/fonts/Linearicons-Free54e9.woff2]
[hn.arrowpress.net/cryptcio/wp-content/themes/cryptcio/fonts/Linearicons-Free54e9.woff]
[hn.arrowpress.net/cryptcio/wp-content/themes/cryptcio/fonts/Linearicons-Free54e9.ttf]
[hn.arrowpress.net/cryptcio/wp-content/themes/cryptcio/css/linearicons/style.css]
[hn.arrowpress.net/cryptcio/wp-content/themes/cryptcio/fonts/Linearicons-Free54e9.svg]
[hn.arrowpress.net/cryptcio/wp-content/themes/cryptcio/css/fonts/glyphicons-halflings-regular.svg]
[hn.arrowpress.net/cryptcio/wp-content/themes/cryptcio/css/plugin/bootstrap.min.css]
[hn.arrowpress.net/cryptcio/wp-content/themes/cryptcio/images/caret-down.png]
[hn.arrowpress.net/cryptcio/wp-content/themes/cryptcio/images/bg-footer3.png]
[hn.arrowpress.net/cryptcio/wp-content/themes/cryptcio/images/select_bg_02.png]
[hn.arrowpress.net/cryptcio/wp-content/themes/cryptcio/images/ring.gif]
[hn.arrowpress.net/cryptcio/wp-content/themes/cryptcio/images/angle-down.png]
[hn.arrowpress.net/cryptcio/wp-content/themes/cryptcio/fonts/fontawesome-webfont.svg]
[hn.arrowpress.net/cryptcio/wp-content/themes/cryptcio/css/theme.min.css]
[hn.arrowpress.net/cryptcio/wp-content/uploads/smile_fonts/Defaults/Defaults.html]
[hn.arrowpress.net/cryptcio/wp-content/uploads/smile_fonts/FontCryptoCio/FontCryptoCio.html]
[hn.arrowpress.net/cryptcio/wp-content/uploads/smile_fonts/icomoon/icomoon.html]
[hn.arrowpress.net/cryptcio/wp-content/plugins/woocommerce/assets/js/jquery-blockui/jquery.blockUI.min.js]
[hn.arrowpress.net/cryptcio/wp-content/plugins/revslider/public/assets/js/jquery.themepunch.revolution.min.js]
[hn.arrowpress.net/cryptcio/wp-content/plugins/woocommerce/assets/js/frontend/lost-password.min.js]
[hn.arrowpress.net/cryptcio/my-account/lost-password/index.html]
[hn.arrowpress.net/cryptcio/wp-content/plugins/woocommerce/assets/css/photoswipe/photoswipe.css]
[hn.arrowpress.net/cryptcio/wp-content/plugins/woocommerce/assets/css/photoswipe/default-skin/default-skin.svg]
[hn.arrowpress.net/cryptcio/wp-json/oembed/1.0/embeddc99]
[hn.arrowpress.net/cryptcio/wp-content/plugins/woocommerce/assets/css/photoswipe/default-skin/preloader.gif]
[hn.arrowpress.net/cryptcio/wp-content/plugins/woocommerce/assets/css/photoswipe/default-skin/default-skin.css]
[hn.arrowpress.net/cryptcio/wp-content/plugins/contact-form-7/includes/js/scripts.js]
[hn.arrowpress.net/cryptcio/wp-content/plugins/woocommerce/assets/js/frontend/woocommerce.min.js]
[hn.arrowpress.net/cryptcio/wp-includes/js/jquery/ui/widget.min.js]
[hn.arrowpress.net/cryptcio/wp-content/plugins/arrowpress-core/assets/js/TimeCircles.js]
[hn.arrowpress.net/cryptcio/home-default/indexb25b.html]
[hn.arrowpress.net/cryptcio/home-default/indexd8ae.html]
[hn.arrowpress.net/cryptcio/home-default/indexb2b2.html]
[hn.arrowpress.net/cryptcio/home-default/indexc46f.html]
[hn.arrowpress.net/cryptcio/home-default/indexea2a.html]
[hn.arrowpress.net/cryptcio/home-default/index6d67.html]
[hn.arrowpress.net/cryptcio/home-default/indexcd36.html]
[hn.arrowpress.net/cryptcio/home-default/index9193.html]
[hn.arrowpress.net/cryptcio/home-default/index11f8.html]
[hn.arrowpress.net/cryptcio/wp-content/cache/wpfc-minified/784bx2dl/484ld.css]
[hn.arrowpress.net/cryptcio/wp-content/uploads/2019/08/05-Homepage05e046.jpg]
[hn.arrowpress.net/cryptcio/home-7/http_/hn.arrowpress.net/cryptcio/wp-content/uploads/2018/01/shutterstock_197725715-1024x661.html]
[hn.arrowpress.net/cryptcio/wp-content/uploads/2018/01/member-1.jpg]
[hn.arrowpress.net/cryptcio/home-default/index536d.html]
[hn.arrowpress.net/cryptcio/wp-content/uploads/2019/08/member7.jpg]
[hn.arrowpress.net/cryptcio/home-default/index2c23.html]
[hn.arrowpress.net/cryptcio/wp-content/uploads/2018/01/shutterstock_268675004-528x402.jpg]
[hn.arrowpress.net/cryptcio/wp-json/oembed/1.0/embed5020]
[hn.arrowpress.net/cryptcio/these-are-the-five-cheapest-us-states-for-bitcoin-mining/index.html]
[hn.arrowpress.net/cryptcio/wp-content/uploads/2018/01/investment-wallpaper-investment-stratedgy-1200x519.jpg]
[hn.arrowpress.net/cryptcio/wp-json/oembed/1.0/embed52ef.json]
[hn.arrowpress.net/cryptcio/wp-content/uploads/2019/08/logo-h9_03.png]
[hn.arrowpress.net/cryptcio/wp-content/plugins/revslider/admin/assets/images/transparent.png]
[hn.arrowpress.net/cryptcio/wp-content/uploads/2019/08/layer-9.png]
[hn.arrowpress.net/cryptcio/wp-content/uploads/2019/08/bg-about-10.png]
[hn.arrowpress.net/cryptcio/wp-content/uploads/2019/08/decentralized.png]
[hn.arrowpress.net/cryptcio/wp-content/uploads/2019/08/shield.png]
[hn.arrowpress.net/cryptcio/wp-content/uploads/2019/08/app.png]
[hn.arrowpress.net/cryptcio/wp-content/uploads/2019/08/work1_03.png]
[hn.arrowpress.net/cryptcio/wp-content/uploads/2019/08/work2_03.png]
[hn.arrowpress.net/cryptcio/wp-content/uploads/2019/08/work3_03.png]
[hn.arrowpress.net/cryptcio/wp-content/uploads/2019/08/work5_03.png]
[hn.arrowpress.net/cryptcio/wp-content/uploads/2019/08/work4_06.png]
[hn.arrowpress.net/cryptcio/wp-content/uploads/2019/08/header-image-mockup.png]
[hn.arrowpress.net/cryptcio/home-10/index.html]
[hn.arrowpress.net/cryptcio/wp-content/cache/wpfc-minified/kahgb80z/8brcz.css]
[hn.arrowpress.net/cryptcio/wp-json/oembed/1.0/embedf22c]
[hn.arrowpress.net/cryptcio/wp-json/oembed/1.0/embed74b2]
[hn.arrowpress.net/cryptcio/wp-json/oembed/1.0/embed694a.json]
[hn.arrowpress.net/cryptcio/wp-json/oembed/1.0/embeda3d7]
[hn.arrowpress.net/cryptcio/wp-content/uploads/2019/08/bg-sliderh9_01.jpg]
[hn.arrowpress.net/cryptcio/wp-content/uploads/2019/08/IMG1.png]
[hn.arrowpress.net/cryptcio/wp-content/uploads/2019/08/211.png]
[hn.arrowpress.net/cryptcio/home-9/index.html]
[hn.arrowpress.net/cryptcio/wp-content/uploads/2019/08/Phone.png]
[hn.arrowpress.net/cryptcio/wp-content/cache/autoptimize/css/autoptimize_45d97ad4c53d95f8636f9c6b2fd14c8f.css]
[hn.arrowpress.net/cryptcio/wp-json/oembed/1.0/embed32fe.json]
[hn.arrowpress.net/cryptcio/wp-json/oembed/1.0/embed46c1]
[hn.arrowpress.net/cryptcio/wp-content/cache/autoptimize/js/autoptimize_a004e8f8506ac1107af7fda4127c17db.js]
[hn.arrowpress.net/cryptcio/wp-content/uploads/2019/08/logo-h8_03.png]
[hn.arrowpress.net/cryptcio/wp-content/uploads/2019/08/slider-h8.jpg]
[hn.arrowpress.net/cryptcio/home-8/indexb25b.html]
[hn.arrowpress.net/cryptcio/wp-content/uploads/2019/08/img-about-8.png]
[hn.arrowpress.net/cryptcio/wp-content/cache/autoptimize/css/autoptimize_4d3d3e4844afc0788c30aa771061c479.css]
[hn.arrowpress.net/cryptcio/wp-content/uploads/2018/03/project2-576x800.jpg]
[hn.arrowpress.net/cryptcio/home-8/indexb2b2.html]
[hn.arrowpress.net/cryptcio/wp-content/uploads/2018/03/project4-576x800.jpg]
[hn.arrowpress.net/cryptcio/home-8/index6d67.html]
[hn.arrowpress.net/cryptcio/home-8/index.html]
[hn.arrowpress.net/cryptcio/events/what-is-bitcoin-a-step-by-step-guide-for-beginners/index.html]
[hn.arrowpress.net/cryptcio/events/it-has-survived-not-only-five-centuries-but-also-the-leap-into-electronic/index.html]
[hn.arrowpress.net/cryptcio/home-8/index9193.html]
[hn.arrowpress.net/cryptcio/events/heres-what-i-found-13-habits-of-millionaires/index.html]
[hn.arrowpress.net/cryptcio/home-2/indexb2b2.html]
[hn.arrowpress.net/cryptcio/events/index.html]
[hn.arrowpress.net/cryptcio/wp-json/oembed/1.0/embed8ea2]
[hn.arrowpress.net/cryptcio/home-2/indexd68e.html]
[hn.arrowpress.net/cryptcio/home-2/indexb25b.html]
[hn.arrowpress.net/cryptcio/home-2/index6d67.html]
[hn.arrowpress.net/cryptcio/home-2/indexa147.html]
[hn.arrowpress.net/cryptcio/home-2/index9193.html]
[hn.arrowpress.net/cryptcio/home-2/indexd813.html]
[hn.arrowpress.net/cryptcio/home-2/indexc50c.html]
[hn.arrowpress.net/cryptcio/home-2/index3e71.html]
[hn.arrowpress.net/cryptcio/home-2/indexc9ab.html]
[hn.arrowpress.net/cryptcio/wp-content/cache/wpfc-minified/ldsnbfqu/fflmz.css]
[hn.arrowpress.net/cryptcio/home-2/index9840.html]
[hn.arrowpress.net/cryptcio/home-2/index3c45.html]
[hn.arrowpress.net/cryptcio/wp-json/oembed/1.0/embedf9b9.json]
[hn.arrowpress.net/cryptcio/wp-json/oembed/1.0/embed7a7b]
[hn.arrowpress.net/cryptcio/product/usb-riser/index.html]
[hn.arrowpress.net/cryptcio/home-2/indexe95f.html]
[hn.arrowpress.net/cryptcio/home-2/indexd9c4.html]
[hn.arrowpress.net/cryptcio/home-2/index8642.html]
[hn.arrowpress.net/cryptcio/wp-content/plugins/arrowpress-core/assets/images/doge.png]
[hn.arrowpress.net/cryptcio/home-2/index683a.html]
[hn.arrowpress.net/cryptcio/wp-content/uploads/2018/01/pro-3-300x300.jpg]
[hn.arrowpress.net/cryptcio/wp-content/uploads/2018/01/pro-1-300x300.jpg]
[hn.arrowpress.net/cryptcio/home-2/index3e26.html]
[hn.arrowpress.net/cryptcio/wp-json/oembed/1.0/embedf254]
[hn.arrowpress.net/cryptcio/wp-content/cache/autoptimize/css/autoptimize_78629a3fc9120275a10f3716103216f1.css]
[hn.arrowpress.net/cryptcio/product/usb-riser/index8642.html]
[hn.arrowpress.net/cryptcio/wp-content/uploads/2018/01/product-4-600x600.jpg]
[hn.arrowpress.net/cryptcio/product/pandaminer-b5-plus/index.html]
[hn.arrowpress.net/cryptcio/home-2/index646c.html]
[hn.arrowpress.net/cryptcio/product/usb-riser/indexef60.html]
[hn.arrowpress.net/cryptcio/home-2/index086b.html]
[hn.arrowpress.net/cryptcio/product/usb-riser/indexb25b.html]
[hn.arrowpress.net/cryptcio/home-2/index7b25.html]
[hn.arrowpress.net/cryptcio/product/usb-riser/indexba65.html]
[hn.arrowpress.net/cryptcio/product/usb-riser/indexa38d.html]
[hn.arrowpress.net/cryptcio/home-2/index188d.html]
[hn.arrowpress.net/cryptcio/home-2/indexe66e.html]
[hn.arrowpress.net/cryptcio/home-2/index1385.html]
[hn.arrowpress.net/cryptcio/product/pandaminer-b5-plus/index086b.html]
[hn.arrowpress.net/cryptcio/home-2/indexd0ca.html]
[hn.arrowpress.net/cryptcio/wp-content/cache/wpfc-minified/7xfixsv4/4awot.css]
[hn.arrowpress.net/cryptcio/product/pandaminer-b5-plus/index73e6.html]
[hn.arrowpress.net/cryptcio/product/pandaminer-b5-plus/indexef60.html]
[hn.arrowpress.net/cryptcio/home-4/http_/hn.arrowpress.net/cryptcio/wp-content/uploads/2018/01/shutterstock_197725715-1024x661.html]
[hn.arrowpress.net/cryptcio/product/pandaminer-b5-plus/index23de.html]
[hn.arrowpress.net/cryptcio/product/pandaminer-b5-plus/index3e7f.html]
[hn.arrowpress.net/cryptcio/product/pandaminer-b5-plus/index0f4b.html]
[hn.arrowpress.net/cryptcio/product/pandaminer-b5-plus/indexb2b2.html]
[hn.arrowpress.net/cryptcio/wp-content/cache/wpfc-minified/f4psjc1n/fdpeu.css]
[hn.arrowpress.net/cryptcio/home-2/index010e.html]
[hn.arrowpress.net/cryptcio/wp-content/uploads/2019/08/member10.jpg]
[hn.arrowpress.net/cryptcio/wp-content/uploads/2019/08/member4.jpg]
[hn.arrowpress.net/cryptcio/home-2/indexf57b.html]
[hn.arrowpress.net/cryptcio/wp-content/uploads/2018/01/bg-15-445x299.jpg]
[hn.arrowpress.net/cryptcio/wp-content/uploads/2019/08/05-Homepage05.png]
[hn.arrowpress.net/cryptcio/wp-content/uploads/2019/08/shutterstock_275646686-462x462.jpg]
[hn.arrowpress.net/cryptcio/wp-content/uploads/2018/01/Inc.-Arabia-Bitcoin-1068x601-445x299.jpg]
[hn.arrowpress.net/cryptcio/wp-content/uploads/2018/01/investment-wallpaper-investment-stratedgy-790x420.jpg]
[hn.arrowpress.net/cryptcio/wp-content/uploads/2018/01/shutterstock_182480630-790x420.jpg]
[hn.arrowpress.net/cryptcio/wp-content/cache/wpfc-minified/7ucct5bx/fkcw1.css]
[hn.arrowpress.net/cryptcio/wp-content/uploads/2018/01/shutterstock_197725715-790x420.jpg]
[hn.arrowpress.net/cryptcio/wp-content/uploads/2018/01/shutterstock_212317489-790x420.jpg]
[hn.arrowpress.net/cryptcio/home-6/index.html]
[hn.arrowpress.net/cryptcio/george-soros-bitcoin-propped-up-by-dictators/index.html]
[hn.arrowpress.net/cryptcio/wp-content/uploads/2018/01/investment-wallpaper-investment-stratedgy-1-766x412.jpg]
[hn.arrowpress.net/cryptcio/wp-content/uploads/2019/08/img-timeline-1-1200x412.jpg]
[hn.arrowpress.net/cryptcio/wp-content/uploads/2018/01/bg-15-1024x412.jpg]
[hn.arrowpress.net/cryptcio/wp-content/cache/autoptimize/js/autoptimize_4f232d210d928887ef00b2ff11bfa9c9.js]
[hn.arrowpress.net/cryptcio/blog/page/2/index.html]
[hn.arrowpress.net/cryptcio/blog/index.html]
[hn.arrowpress.net/cryptcio/blog/page/4/index.html]
[hn.arrowpress.net/cryptcio/wp-content/cache/wpfc-minified/f19cxq0v/fgmdo.css]
[hn.arrowpress.net/cryptcio/tag/blockchain/index.html]
[hn.arrowpress.net/cryptcio/wp-content/uploads/2018/01/shutterstock_268675004-1200x412.jpg]
[hn.arrowpress.net/cryptcio/tag/blockchain/page/2/index.html]
[hn.arrowpress.net/cryptcio/tag/ico/index.html]
[hn.arrowpress.net/cryptcio/tag/ico/page/2/index.html]
[hn.arrowpress.net/cryptcio/tag/technology/index.html]
[hn.arrowpress.net/cryptcio/wp-content/uploads/2018/01/shutterstock_182480630-1200x412.jpg]
[hn.arrowpress.net/cryptcio/tag/mining/index.html]
[hn.arrowpress.net/cryptcio/tag/mining/page/2/index.html]
[hn.arrowpress.net/cryptcio/wp-content/cache/autoptimize/js/autoptimize_93a5836b02a0770deb9bd0d96de6fc54.js]
[hn.arrowpress.net/cryptcio/wp-json/oembed/1.0/embed8998.json]
[hn.arrowpress.net/cryptcio/wp-content/cache/autoptimize/js/autoptimize_9f74101752f812be20a4cde64ec61bc7.js]
[hn.arrowpress.net/cryptcio/wp-json/oembed/1.0/embed230b]
[hn.arrowpress.net/cryptcio/okoin-vr-project-launched-2nd-ico-round/index.html]
[hn.arrowpress.net/cryptcio/wp-content/uploads/2018/01/shutterstock_182480630-570x571.jpg]
[hn.arrowpress.net/cryptcio/wp-json/oembed/1.0/embed4e41.json]
[hn.arrowpress.net/cryptcio/cryptocurrencies-recover-gains-after-the-coincheck-hack/index.html]
[hn.arrowpress.net/cryptcio/wp-json/oembed/1.0/embed0417]
[hn.arrowpress.net/cryptcio/wp-json/oembed/1.0/embedaede]
[hn.arrowpress.net/cryptcio/a-look-at-the-protocols-hype-trials-and-error/index.html]
[hn.arrowpress.net/cryptcio/wp-json/oembed/1.0/embedca70.json]
[hn.arrowpress.net/cryptcio/wp-json/oembed/1.0/embed31e2]
[hn.arrowpress.net/cryptcio/bitcoin-futures-report-shows-bullish-sentiment-is-in-the-air/index.html]
[hn.arrowpress.net/cryptcio/wp-content/uploads/2018/01/Inc.-Arabia-Bitcoin-1068x601-1068x519.jpg]
[hn.arrowpress.net/cryptcio/wp-json/oembed/1.0/embedd5a0.json]
[hn.arrowpress.net/cryptcio/indians-expect-clarity-on-bitcoin-taxes-within-days/index.html]
[hn.arrowpress.net/cryptcio/wp-json/oembed/1.0/embed2ca4]
[hn.arrowpress.net/cryptcio/indians-expect-clarity-on-bitcoin-taxes-within-days/index3094.html]
[hn.arrowpress.net/cryptcio/wp-json/oembed/1.0/embedb1d3.json]
[hn.arrowpress.net/cryptcio/indians-expect-clarity-on-bitcoin-taxes-within-days/index0e22.html]
[hn.arrowpress.net/cryptcio/wp-json/oembed/1.0/embede100]
[hn.arrowpress.net/cryptcio/thailand-taking-steps-to-regulate-icos/index.html]
[hn.arrowpress.net/cryptcio/wp-content/uploads/2018/01/shutterstock_241843645-1200x519.jpg]
[hn.arrowpress.net/cryptcio/category/market/page/2/index.html]
[hn.arrowpress.net/cryptcio/2018/01/index.html]
[hn.arrowpress.net/cryptcio/wp-content/uploads/2018/01/shutterstock_241843645-570x571.jpg]
[hn.arrowpress.net/cryptcio/tag/trading/index.html]
[hn.arrowpress.net/cryptcio/2018/index.html]
[hn.arrowpress.net/cryptcio/2018/01/page/2/index.html]
[hn.arrowpress.net/cryptcio/wp-json/oembed/1.0/embedc0e2.json]
[hn.arrowpress.net/cryptcio/opera-browser-include-built-anti-bitcoin-mining-feature/index.html]
[hn.arrowpress.net/cryptcio/wp-content/uploads/2018/01/shutterstock_268675004-1200x519.jpg]
[hn.arrowpress.net/cryptcio/wp-json/oembed/1.0/embedc538]
[hn.arrowpress.net/cryptcio/most-cryptocurrencies-are-more-centralized-than-you-think/index.html]
[hn.arrowpress.net/cryptcio/category/trading/page/2/index.html]
[hn.arrowpress.net/cryptcio/wp-content/uploads/2018/01/shutterstock_11702200-1200x519.jpg]
[hn.arrowpress.net/cryptcio/product-category/uncategorized/index.html]
[hn.arrowpress.net/cryptcio/product-category/hardware-wallets/bitvault/index.html]
[hn.arrowpress.net/cryptcio/product-category/hardware-wallets/bitvault/indexb2b2.html]
[hn.arrowpress.net/cryptcio/product-category/hardware-wallets/keepkey/index.html]
[hn.arrowpress.net/cryptcio/product-category/hardware-wallets/bitvault/indexb25b.html]
[hn.arrowpress.net/cryptcio/product-category/hardware-wallets/ledger/index.html]
[hn.arrowpress.net/cryptcio/product-category/hardware-wallets/trezor/index.html]
[hn.arrowpress.net/cryptcio/product-category/routers/index.html]
[hn.arrowpress.net/cryptcio/product-category/routers/index8642.html]
[hn.arrowpress.net/cryptcio/wp-content/themes/cryptcio/css/plugin/jquery.fancybox.min.css]
[hn.arrowpress.net/cryptcio/wp-content/themes/cryptcio/js/jquery.validate.min.js]
[hn.arrowpress.net/cryptcio/product-category/routers/index646c.html]
[hn.arrowpress.net/cryptcio/product-category/routers/index086b.html]
[hn.arrowpress.net/cryptcio/wp-content/themes/cryptcio/js/jquery.fancybox.min.js]
[hn.arrowpress.net/cryptcio/wp-content/themes/cryptcio/js/sticky-kit.min.js]
[hn.arrowpress.net/cryptcio/product-category/routers/index96f4.html]
[hn.arrowpress.net/cryptcio/wp-includes/js/jquery/ui/mouse.min.js]
[hn.arrowpress.net/cryptcio/product-category/routers/index23de.html]
[hn.arrowpress.net/cryptcio/wp-includes/js/jquery/ui/slider.min.js]
[hn.arrowpress.net/cryptcio/wp-content/cache/autoptimize/js/autoptimize_a063e305c1cf9edb61594a4173f097f5.js]
[hn.arrowpress.net/cryptcio/wp-content/plugins/woocommerce-ajax-filters/js/widget.min.js]
[hn.arrowpress.net/cryptcio/wp-content/plugins/woocommerce-ajax-filters/js/mobiles.min.js]
[hn.arrowpress.net/cryptcio/shop/indexb25b.html]
[hn.arrowpress.net/cryptcio/shop/indexdbd4.html]
[hn.arrowpress.net/cryptcio/shop/indexea2a.html]
[hn.arrowpress.net/cryptcio/shop/index6d67.html]
[hn.arrowpress.net/cryptcio/product-category/routers/indexef60.html]
[hn.arrowpress.net/cryptcio/shop/index9193.html]
[hn.arrowpress.net/cryptcio/shop/indexc46f.html]
[hn.arrowpress.net/cryptcio/shop/index10d8.html]
[hn.arrowpress.net/cryptcio/shop/index61f4.html]
[hn.arrowpress.net/cryptcio/shop/indexe95f.html]
[hn.arrowpress.net/cryptcio/shop/indexc9e8.html]
[hn.arrowpress.net/cryptcio/shop/index646c.html]
[hn.arrowpress.net/cryptcio/shop/index47fe.html]
[hn.arrowpress.net/cryptcio/shop/index086b.html]
[hn.arrowpress.net/cryptcio/shop/index34a2.html]
[hn.arrowpress.net/cryptcio/shop/index600a.html]
[hn.arrowpress.net/cryptcio/shop/index1b7e.html]
[hn.arrowpress.net/cryptcio/shop/indexa38d.html]
[hn.arrowpress.net/cryptcio/shop/index7d00.html]
[hn.arrowpress.net/cryptcio/shop/index7372.html]
[hn.arrowpress.net/cryptcio/shop/index20b6.html]
[hn.arrowpress.net/cryptcio/shop/index0923.html]
[hn.arrowpress.net/cryptcio/shop/index6be3.html]
[hn.arrowpress.net/cryptcio/shop/indexb2b2.html]
[hn.arrowpress.net/cryptcio/shop/indexdb15.html]
[hn.arrowpress.net/cryptcio/shop/indexc97a.html]
[hn.arrowpress.net/cryptcio/shop/index3c45.html]
[hn.arrowpress.net/cryptcio/shop/index8ea8.html]
[hn.arrowpress.net/cryptcio/shop/indexba65.html]
[hn.arrowpress.net/cryptcio/shop/index1849.html]
[hn.arrowpress.net/cryptcio/shop/index96f4.html]
[hn.arrowpress.net/cryptcio/shop/indexb358.html]
[hn.arrowpress.net/cryptcio/shop/indexb8f6.html]
[hn.arrowpress.net/cryptcio/shop/index5d7c.html]
[hn.arrowpress.net/cryptcio/shop/index0ca2.html]
[hn.arrowpress.net/cryptcio/shop/index212b.html]
[hn.arrowpress.net/cryptcio/wp-json/oembed/1.0/embeda31d.json]
[hn.arrowpress.net/cryptcio/shop/indexdb10.html]
[hn.arrowpress.net/cryptcio/wp-json/oembed/1.0/embedea95]
[hn.arrowpress.net/cryptcio/product/evga-supernova-1200/index.html]
[hn.arrowpress.net/cryptcio/shop/index23de.html]
[hn.arrowpress.net/cryptcio/shop/indexb594.html]
[hn.arrowpress.net/cryptcio/shop/index3f18.html]
[hn.arrowpress.net/cryptcio/shop/index3e7f.html]
[hn.arrowpress.net/cryptcio/shop/index230a.html]
[hn.arrowpress.net/cryptcio/shop/index05a8.html]
[hn.arrowpress.net/cryptcio/shop/index683a.html]
[hn.arrowpress.net/cryptcio/shop/index3e26.html]
[hn.arrowpress.net/cryptcio/wp-json/oembed/1.0/embed2252]
[hn.arrowpress.net/cryptcio/product/antminer-fan/index.html]
[hn.arrowpress.net/cryptcio/shop/indexf5df.html]
[hn.arrowpress.net/cryptcio/shop/index1cfe.html]
[hn.arrowpress.net/cryptcio/shop/index39ff.html]
[hn.arrowpress.net/cryptcio/shop/index4d2c.html]
